<?xml version="1.0" encoding="UTF-8"?>
<!-- Generated by org.testng.reporters.JUnitXMLReporter -->
<testsuite ignored="1" hostname="DESKTOP-KN19NBV" failures="0" tests="1" name="Default test" time="9.42" errors="0" timestamp="2024-03-27T00:42:33 IST">
  <testcase classname="testLayer.BuyMac" name="MacbookPurchasewithExistingUser" time="3.94"/>
  <testcase classname="testLayer.BuyMac" name="MacbookPurchasewithNewUser" time="0.0">
    <ignored/>
  </testcase> <!-- MacbookPurchasewithNewUser -->
</testsuite> <!-- Default test -->
