<?xml version="1.0" encoding="UTF-8"?>
<!-- Generated by org.testng.reporters.JUnitXMLReporter -->
<testsuite ignored="0" hostname="DESKTOP-KN19NBV" failures="1" tests="6" name="Test" time="59.802" errors="0" timestamp="2024-03-31T13:48:19 IST">
  <testcase classname="testLayer.RegisterTest" name="validateRegisteringAccountByProvidingExistingAccountdetails" time="2.771"/>
  <testcase classname="testLayer.RegisterTest" name="validateRegisteringAccountByProvidingValidAccountdetails" time="2.831"/>
  <testcase classname="testLayer.LoginTest" name="verifyLoginTestWithInValidDetails" time="2.178"/>
  <testcase classname="testLayer.LoginTest" name="verifyLoginTestWithValidDetails" time="1.435">
    <failure type="java.lang.AssertionError" message="expected [My Account] but found [Account Login]">
      <![CDATA[java.lang.AssertionError: expected [My Account] but found [Account Login]
at testLayer.LoginTest.verifyLoginTestWithValidDetails(LoginTest.java:25)
at java.base/java.util.ArrayList.forEach(ArrayList.java:1511)
... Removed 33 stack frames]]>
    </failure>
  </testcase> <!-- verifyLoginTestWithValidDetails -->
  <testcase classname="testLayer.BuyMac" name="MacbookPurchasewithExistingUser" time="4.042"/>
  <testcase classname="testLayer.BuyMac" name="MacbookPurchasewithNewUser" time="6.0"/>
</testsuite> <!-- Test -->
